<?xml version="1.0" encoding="UTF-8"?>
<testng-results skipped="0" failed="0" ignored="0" total="1" passed="1">
  <reporter-output>
  </reporter-output>
  <suite name="Suite" duration-ms="56" started-at="2020-07-11T21:46:17 IST" finished-at="2020-07-11T21:46:17 IST">
    <groups>
    </groups>
    <test name="Test" duration-ms="56" started-at="2020-07-11T21:46:17 IST" finished-at="2020-07-11T21:46:17 IST">
      <class name="Testc.paramtrs">
        <test-method status="PASS" signature="a(java.lang.String)[pri:0, instance:Testc.paramtrs@68bbe345]" name="a" duration-ms="11" started-at="2020-07-11T21:46:17 IST" finished-at="2020-07-11T21:46:17 IST">
          <params>
            <param index="0">
              <value>
                <![CDATA[Selenium-learninggggg]]>
              </value>
            </param>
          </params>
          <reporter-output>
          </reporter-output>
        </test-method> <!-- a -->
      </class> <!-- Testc.paramtrs -->
    </test> <!-- Test -->
  </suite> <!-- Suite -->
</testng-results>
